
Showing logs for build [32mcb-kubecd-environment-pr-193-13-tq8m7-1[0m stage [32mfrom-build-pack[0m and container [32mstep-credential-initializer-b2js7[0m
{"level":"warn","ts":1586084457.8452396,"logger":"fallback-logger","caller":"logging/config.go:69","msg":"Fetch GitHub commit ID from kodata failed: \"ref: refs/heads/0.8.0-**-support-backwards-incompats\" is not a valid GitHub commit ID"}
{"level":"info","ts":1586084457.846039,"logger":"fallback-logger","caller":"creds-init/main.go:40","msg":"Credentials initialized."}

Showing logs for build [32mcb-kubecd-environment-pr-193-13-tq8m7-1[0m stage [32mfrom-build-pack[0m and container [32mstep-working-dir-initializer-6v6vr[0m
{"level":"warn","ts":1586084458.8810499,"logger":"fallback-logger","caller":"logging/config.go:69","msg":"Fetch GitHub commit ID from kodata failed: open /var/run/ko/HEAD: no such file or directory"}
{"level":"info","ts":1586084458.9025314,"logger":"fallback-logger","caller":"bash/main.go:64","msg":"Successfully executed command \"sh -c mkdir -p /workspace/source\"; output "}

Showing logs for build [32mcb-kubecd-environment-pr-193-13-tq8m7-1[0m stage [32mfrom-build-pack[0m and container [32mstep-place-tools[0m

Showing logs for build [32mcb-kubecd-environment-pr-193-13-tq8m7-1[0m stage [32mfrom-build-pack[0m and container [32mstep-git-source-cb-kubecd-environment-pr-193-13-tq8m7-rsl7k[0m
{"level":"warn","ts":1586084464.9826458,"logger":"fallback-logger","caller":"logging/config.go:69","msg":"Fetch GitHub commit ID from kodata failed: \"ref: refs/heads/0.8.0-**-support-backwards-incompats\" is not a valid GitHub commit ID"}
{"level":"info","ts":1586084466.1062093,"logger":"fallback-logger","caller":"git/git.go:103","msg":"Successfully cloned https://github.com/cb-kubecd/environment-pr-193-137-boot-gke-staging.git @ master in path /workspace/source"}

Showing logs for build [32mcb-kubecd-environment-pr-193-13-tq8m7-1[0m stage [32mfrom-build-pack[0m and container [32mstep-git-merge[0m
Using SHAs from PULL_REFS=master:c649883ce282f2ff4a3fa0ad06cac0765a830ca5,3:7666f8c8aa17bedbc6268edc9d6e343643c9ee2c
DEBUG: LC_ALL=C JX_LOG_LEVEL=error git fetch origin --unshallow 7666f8c8aa17bedbc6268edc9d6e343643c9ee2c: c649883ce282f2ff4a3fa0ad06cac0765a830ca5:
DEBUG: ran git fetch --unshallow origin 7666f8c8aa17bedbc6268edc9d6e343643c9ee2c: c649883ce282f2ff4a3fa0ad06cac0765a830ca5: in 
DEBUG: LC_ALL=C JX_LOG_LEVEL=error git branch
DEBUG: LC_ALL=C JX_LOG_LEVEL=error git checkout master
DEBUG: ran git checkout master in 
DEBUG: LC_ALL=C JX_LOG_LEVEL=error git reset --hard c649883ce282f2ff4a3fa0ad06cac0765a830ca5
DEBUG: ran git reset --hard c649883ce282f2ff4a3fa0ad06cac0765a830ca5 in 
DEBUG: JX_LOG_LEVEL=error LC_ALL=C git clean -fd .
DEBUG: ran clean --force -d . in 
DEBUG: LC_ALL=C JX_LOG_LEVEL=error git merge 7666f8c8aa17bedbc6268edc9d6e343643c9ee2c
DEBUG: ran git merge 7666f8c8aa17bedbc6268edc9d6e343643c9ee2c in 
DEBUG: LC_ALL=C JX_LOG_LEVEL=error git log --format=%H%x1f%an%x1f%ae%x1f%cn%x1f%ce%x1f%s%n%b%x1e c649883ce282f2ff4a3fa0ad06cac0765a830ca5..HEAD
Merged SHA 7666f8c8aa17bedbc6268edc9d6e343643c9ee2c with commit message 'chore: Promote bdd-gh-1586083387 to version 0.0.1' into base branch master

Showing logs for build [32mcb-kubecd-environment-pr-193-13-tq8m7-1[0m stage [32mfrom-build-pack[0m and container [32mstep-build-helm-build[0m
WARNING: No $CHART_REPOSITORY defined so using the default value of: http://jenkins-x-chartmuseum:8080
Adding missing Helm repo: storage.googleapis.com https://storage.googleapis.com/chartmuseum.jenkins-x.io
WARNING: No secrets found on "helm/repos" due: reading the secret "helm/repos" from vault: no secret "helm/repos" not found in vault
Read credentials for https://storage.googleapis.com/chartmuseum.jenkins-x.io from vault helm/repos
Successfully added Helm repository storage.googleapis.com.
Adding missing Helm repo: jenkins-x-chartmuseum http://jenkins-x-chartmuseum:8080
WARNING: No secrets found on "helm/repos" due: reading the secret "helm/repos" from vault: no secret "helm/repos" not found in vault
Read credentials for http://jenkins-x-chartmuseum:8080 from vault helm/repos
Successfully added Helm repository jenkins-x-chartmuseum.
WARNING: No $CHART_REPOSITORY defined so using the default value of: http://jenkins-x-chartmuseum:8080
Adding missing Helm repo: chartmuseum.jenkins-x.io http://chartmuseum.jenkins-x.io
WARNING: No secrets found on "helm/repos" due: reading the secret "helm/repos" from vault: no secret "helm/repos" not found in vault
Read credentials for http://chartmuseum.jenkins-x.io from vault helm/repos
Successfully added Helm repository chartmuseum.jenkins-x.io.
