
Showing logs for build [32mcb-kubecd-environment-pr-193-13-dzxz2-1[0m stage [32mfrom-build-pack[0m and container [32mstep-credential-initializer-7gqvc[0m
{"level":"warn","ts":1586085067.949062,"logger":"fallback-logger","caller":"logging/config.go:69","msg":"Fetch GitHub commit ID from kodata failed: \"ref: refs/heads/0.8.0-**-support-backwards-incompats\" is not a valid GitHub commit ID"}
{"level":"info","ts":1586085067.9504056,"logger":"fallback-logger","caller":"creds-init/main.go:40","msg":"Credentials initialized."}

Showing logs for build [32mcb-kubecd-environment-pr-193-13-dzxz2-1[0m stage [32mfrom-build-pack[0m and container [32mstep-working-dir-initializer-p5dc8[0m
{"level":"warn","ts":1586085068.3794823,"logger":"fallback-logger","caller":"logging/config.go:69","msg":"Fetch GitHub commit ID from kodata failed: open /var/run/ko/HEAD: no such file or directory"}
{"level":"info","ts":1586085068.3828166,"logger":"fallback-logger","caller":"bash/main.go:64","msg":"Successfully executed command \"sh -c mkdir -p /workspace/source\"; output "}

Showing logs for build [32mcb-kubecd-environment-pr-193-13-dzxz2-1[0m stage [32mfrom-build-pack[0m and container [32mstep-place-tools[0m

Showing logs for build [32mcb-kubecd-environment-pr-193-13-dzxz2-1[0m stage [32mfrom-build-pack[0m and container [32mstep-git-source-cb-kubecd-environment-pr-193-13-dzxz2-76lzt[0m
{"level":"warn","ts":1586085072.4467447,"logger":"fallback-logger","caller":"logging/config.go:69","msg":"Fetch GitHub commit ID from kodata failed: \"ref: refs/heads/0.8.0-**-support-backwards-incompats\" is not a valid GitHub commit ID"}
{"level":"info","ts":1586085073.493117,"logger":"fallback-logger","caller":"git/git.go:103","msg":"Successfully cloned https://github.com/cb-kubecd/environment-pr-193-137-boot-gke-staging.git @ master in path /workspace/source"}

Showing logs for build [32mcb-kubecd-environment-pr-193-13-dzxz2-1[0m stage [32mfrom-build-pack[0m and container [32mstep-git-merge[0m
Using SHAs from PULL_REFS=master:a4d292a2f05f4632fa9dc3848686519991a08b03,4:c2d47962c6714733e8608642eb6816e0655e46d2
DEBUG: LC_ALL=C JX_LOG_LEVEL=error git fetch origin --unshallow c2d47962c6714733e8608642eb6816e0655e46d2: a4d292a2f05f4632fa9dc3848686519991a08b03:
DEBUG: ran git fetch --unshallow origin c2d47962c6714733e8608642eb6816e0655e46d2: a4d292a2f05f4632fa9dc3848686519991a08b03: in 
DEBUG: LC_ALL=C JX_LOG_LEVEL=error git branch
DEBUG: LC_ALL=C JX_LOG_LEVEL=error git checkout master
DEBUG: ran git checkout master in 
DEBUG: JX_LOG_LEVEL=error LC_ALL=C git reset --hard a4d292a2f05f4632fa9dc3848686519991a08b03
DEBUG: ran git reset --hard a4d292a2f05f4632fa9dc3848686519991a08b03 in 
DEBUG: LC_ALL=C JX_LOG_LEVEL=error git clean -fd .
DEBUG: ran clean --force -d . in 
DEBUG: LC_ALL=C JX_LOG_LEVEL=error git merge c2d47962c6714733e8608642eb6816e0655e46d2
DEBUG: ran git merge c2d47962c6714733e8608642eb6816e0655e46d2 in 
DEBUG: LC_ALL=C JX_LOG_LEVEL=error git log --format=%H%x1f%an%x1f%ae%x1f%cn%x1f%ce%x1f%s%n%b%x1e a4d292a2f05f4632fa9dc3848686519991a08b03..HEAD
Merged SHA c2d47962c6714733e8608642eb6816e0655e46d2 with commit message 'chore: Promote bdd-nh-1586083387 to version 0.0.1' into base branch master

Showing logs for build [32mcb-kubecd-environment-pr-193-13-dzxz2-1[0m stage [32mfrom-build-pack[0m and container [32mstep-build-helm-build[0m
WARNING: No $CHART_REPOSITORY defined so using the default value of: http://jenkins-x-chartmuseum:8080
Adding missing Helm repo: storage.googleapis.com https://storage.googleapis.com/chartmuseum.jenkins-x.io
WARNING: No secrets found on "helm/repos" due: reading the secret "helm/repos" from vault: no secret "helm/repos" not found in vault
Read credentials for https://storage.googleapis.com/chartmuseum.jenkins-x.io from vault helm/repos
Successfully added Helm repository storage.googleapis.com.
Adding missing Helm repo: jenkins-x-chartmuseum http://jenkins-x-chartmuseum:8080
WARNING: No secrets found on "helm/repos" due: reading the secret "helm/repos" from vault: no secret "helm/repos" not found in vault
Read credentials for http://jenkins-x-chartmuseum:8080 from vault helm/repos
Successfully added Helm repository jenkins-x-chartmuseum.
WARNING: No $CHART_REPOSITORY defined so using the default value of: http://jenkins-x-chartmuseum:8080
Adding missing Helm repo: chartmuseum.jenkins-x.io http://chartmuseum.jenkins-x.io
WARNING: No secrets found on "helm/repos" due: reading the secret "helm/repos" from vault: no secret "helm/repos" not found in vault
Read credentials for http://chartmuseum.jenkins-x.io from vault helm/repos
Successfully added Helm repository chartmuseum.jenkins-x.io.
