
Showing logs for build [32mcb-kubecd-environment-pr-193-13-dfs7r-1[0m stage [32mfrom-build-pack[0m and container [32mstep-credential-initializer-84s9w[0m
{"level":"warn","ts":1586086852.1978376,"logger":"fallback-logger","caller":"logging/config.go:69","msg":"Fetch GitHub commit ID from kodata failed: \"ref: refs/heads/0.8.0-**-support-backwards-incompats\" is not a valid GitHub commit ID"}
{"level":"info","ts":1586086852.1984694,"logger":"fallback-logger","caller":"creds-init/main.go:40","msg":"Credentials initialized."}

Showing logs for build [32mcb-kubecd-environment-pr-193-13-dfs7r-1[0m stage [32mfrom-build-pack[0m and container [32mstep-working-dir-initializer-49j59[0m
{"level":"warn","ts":1586086853.068069,"logger":"fallback-logger","caller":"logging/config.go:69","msg":"Fetch GitHub commit ID from kodata failed: open /var/run/ko/HEAD: no such file or directory"}
{"level":"info","ts":1586086853.0693445,"logger":"fallback-logger","caller":"bash/main.go:64","msg":"Successfully executed command \"sh -c mkdir -p /workspace/source\"; output "}

Showing logs for build [32mcb-kubecd-environment-pr-193-13-dfs7r-1[0m stage [32mfrom-build-pack[0m and container [32mstep-place-tools[0m

Showing logs for build [32mcb-kubecd-environment-pr-193-13-dfs7r-1[0m stage [32mfrom-build-pack[0m and container [32mstep-git-source-cb-kubecd-environment-pr-193-13-dfs7r-fs6hb[0m
{"level":"warn","ts":1586086857.3662024,"logger":"fallback-logger","caller":"logging/config.go:69","msg":"Fetch GitHub commit ID from kodata failed: \"ref: refs/heads/0.8.0-**-support-backwards-incompats\" is not a valid GitHub commit ID"}
{"level":"info","ts":1586086858.4086416,"logger":"fallback-logger","caller":"git/git.go:103","msg":"Successfully cloned https://github.com/cb-kubecd/environment-pr-193-137-boot-gke-staging.git @ master in path /workspace/source"}

Showing logs for build [32mcb-kubecd-environment-pr-193-13-dfs7r-1[0m stage [32mfrom-build-pack[0m and container [32mstep-git-merge[0m
Using SHAs from PULL_REFS=master:e0507ad65621f3d7fcef6bcd168f41152b2cb0d3,7:f57ec0a5c7da41802d5712f845ed3cabac8b5e71
DEBUG: LC_ALL=C JX_LOG_LEVEL=error git fetch origin --unshallow f57ec0a5c7da41802d5712f845ed3cabac8b5e71: e0507ad65621f3d7fcef6bcd168f41152b2cb0d3:
DEBUG: ran git fetch --unshallow origin f57ec0a5c7da41802d5712f845ed3cabac8b5e71: e0507ad65621f3d7fcef6bcd168f41152b2cb0d3: in 
DEBUG: LC_ALL=C JX_LOG_LEVEL=error git branch
DEBUG: LC_ALL=C JX_LOG_LEVEL=error git checkout master
DEBUG: ran git checkout master in 
DEBUG: LC_ALL=C JX_LOG_LEVEL=error git reset --hard e0507ad65621f3d7fcef6bcd168f41152b2cb0d3
DEBUG: ran git reset --hard e0507ad65621f3d7fcef6bcd168f41152b2cb0d3 in 
DEBUG: LC_ALL=C JX_LOG_LEVEL=error git clean -fd .
DEBUG: ran clean --force -d . in 
DEBUG: LC_ALL=C JX_LOG_LEVEL=error git merge f57ec0a5c7da41802d5712f845ed3cabac8b5e71
DEBUG: ran git merge f57ec0a5c7da41802d5712f845ed3cabac8b5e71 in 
DEBUG: LC_ALL=C JX_LOG_LEVEL=error git log --format=%H%x1f%an%x1f%ae%x1f%cn%x1f%ce%x1f%s%n%b%x1e e0507ad65621f3d7fcef6bcd168f41152b2cb0d3..HEAD
Merged SHA f57ec0a5c7da41802d5712f845ed3cabac8b5e71 with commit message 'chore: Promote bdd-nh-import-1586085513 to version 0.0.1' into base branch master

Showing logs for build [32mcb-kubecd-environment-pr-193-13-dfs7r-1[0m stage [32mfrom-build-pack[0m and container [32mstep-build-helm-build[0m
WARNING: No $CHART_REPOSITORY defined so using the default value of: http://jenkins-x-chartmuseum:8080
Adding missing Helm repo: storage.googleapis.com https://storage.googleapis.com/chartmuseum.jenkins-x.io
WARNING: No secrets found on "helm/repos" due: reading the secret "helm/repos" from vault: no secret "helm/repos" not found in vault
Read credentials for https://storage.googleapis.com/chartmuseum.jenkins-x.io from vault helm/repos
Successfully added Helm repository storage.googleapis.com.
Adding missing Helm repo: jenkins-x-chartmuseum http://jenkins-x-chartmuseum:8080
WARNING: No secrets found on "helm/repos" due: reading the secret "helm/repos" from vault: no secret "helm/repos" not found in vault
Read credentials for http://jenkins-x-chartmuseum:8080 from vault helm/repos
Successfully added Helm repository jenkins-x-chartmuseum.
WARNING: No $CHART_REPOSITORY defined so using the default value of: http://jenkins-x-chartmuseum:8080
Adding missing Helm repo: chartmuseum.jenkins-x.io http://chartmuseum.jenkins-x.io
WARNING: No secrets found on "helm/repos" due: reading the secret "helm/repos" from vault: no secret "helm/repos" not found in vault
Read credentials for http://chartmuseum.jenkins-x.io from vault helm/repos
Successfully added Helm repository chartmuseum.jenkins-x.io.
