
Showing logs for build [32mcb-kubecd-environment-pr-193-13-ppshv-1[0m stage [32mfrom-build-pack[0m and container [32mstep-credential-initializer-xkd52[0m
{"level":"warn","ts":1586082616.053752,"logger":"fallback-logger","caller":"logging/config.go:69","msg":"Fetch GitHub commit ID from kodata failed: \"ref: refs/heads/0.8.0-**-support-backwards-incompats\" is not a valid GitHub commit ID"}
{"level":"info","ts":1586082616.0545232,"logger":"fallback-logger","caller":"creds-init/main.go:40","msg":"Credentials initialized."}

Showing logs for build [32mcb-kubecd-environment-pr-193-13-ppshv-1[0m stage [32mfrom-build-pack[0m and container [32mstep-working-dir-initializer-9bc9w[0m
{"level":"warn","ts":1586082617.4185643,"logger":"fallback-logger","caller":"logging/config.go:69","msg":"Fetch GitHub commit ID from kodata failed: open /var/run/ko/HEAD: no such file or directory"}
{"level":"info","ts":1586082617.420134,"logger":"fallback-logger","caller":"bash/main.go:64","msg":"Successfully executed command \"sh -c mkdir -p /workspace/source\"; output "}

Showing logs for build [32mcb-kubecd-environment-pr-193-13-ppshv-1[0m stage [32mfrom-build-pack[0m and container [32mstep-place-tools[0m

Showing logs for build [32mcb-kubecd-environment-pr-193-13-ppshv-1[0m stage [32mfrom-build-pack[0m and container [32mstep-git-source-cb-kubecd-environment-pr-193-13-ppshv-4pqfl[0m
{"level":"warn","ts":1586082621.5158696,"logger":"fallback-logger","caller":"logging/config.go:69","msg":"Fetch GitHub commit ID from kodata failed: \"ref: refs/heads/0.8.0-**-support-backwards-incompats\" is not a valid GitHub commit ID"}
{"level":"info","ts":1586082622.5560288,"logger":"fallback-logger","caller":"git/git.go:103","msg":"Successfully cloned https://github.com/cb-kubecd/environment-pr-193-137-boot-gke-staging.git @ master in path /workspace/source"}

Showing logs for build [32mcb-kubecd-environment-pr-193-13-ppshv-1[0m stage [32mfrom-build-pack[0m and container [32mstep-git-merge[0m
Using SHAs from PULL_REFS=master:025f62b054cb3386be034f342a9737d98dab8169,1:14d5bbdcf32bc1b1350b706f46ba467a2a1b968a
DEBUG: JX_LOG_LEVEL=error LC_ALL=C git fetch origin --unshallow 14d5bbdcf32bc1b1350b706f46ba467a2a1b968a: 025f62b054cb3386be034f342a9737d98dab8169:
DEBUG: ran git fetch --unshallow origin 14d5bbdcf32bc1b1350b706f46ba467a2a1b968a: 025f62b054cb3386be034f342a9737d98dab8169: in 
DEBUG: JX_LOG_LEVEL=error LC_ALL=C git branch
DEBUG: LC_ALL=C JX_LOG_LEVEL=error git checkout master
DEBUG: ran git checkout master in 
DEBUG: LC_ALL=C JX_LOG_LEVEL=error git reset --hard 025f62b054cb3386be034f342a9737d98dab8169
DEBUG: ran git reset --hard 025f62b054cb3386be034f342a9737d98dab8169 in 
DEBUG: JX_LOG_LEVEL=error LC_ALL=C git clean -fd .
DEBUG: ran clean --force -d . in 
DEBUG: JX_LOG_LEVEL=error LC_ALL=C git merge 14d5bbdcf32bc1b1350b706f46ba467a2a1b968a
DEBUG: ran git merge 14d5bbdcf32bc1b1350b706f46ba467a2a1b968a in 
DEBUG: LC_ALL=C JX_LOG_LEVEL=error git log --format=%H%x1f%an%x1f%ae%x1f%cn%x1f%ce%x1f%s%n%b%x1e 025f62b054cb3386be034f342a9737d98dab8169..HEAD
Merged SHA 14d5bbdcf32bc1b1350b706f46ba467a2a1b968a with commit message 'chore: Promote bdd-spring-1586082274 to version 0.0.1' into base branch master

Showing logs for build [32mcb-kubecd-environment-pr-193-13-ppshv-1[0m stage [32mfrom-build-pack[0m and container [32mstep-build-helm-build[0m
WARNING: No $CHART_REPOSITORY defined so using the default value of: http://jenkins-x-chartmuseum:8080
Adding missing Helm repo: storage.googleapis.com https://storage.googleapis.com/chartmuseum.jenkins-x.io
WARNING: No secrets found on "helm/repos" due: reading the secret "helm/repos" from vault: no secret "helm/repos" not found in vault
Read credentials for https://storage.googleapis.com/chartmuseum.jenkins-x.io from vault helm/repos
Successfully added Helm repository storage.googleapis.com.
Adding missing Helm repo: jenkins-x-chartmuseum http://jenkins-x-chartmuseum:8080
WARNING: No secrets found on "helm/repos" due: reading the secret "helm/repos" from vault: no secret "helm/repos" not found in vault
Read credentials for http://jenkins-x-chartmuseum:8080 from vault helm/repos
Successfully added Helm repository jenkins-x-chartmuseum.
WARNING: No $CHART_REPOSITORY defined so using the default value of: http://jenkins-x-chartmuseum:8080
Adding missing Helm repo: chartmuseum.jenkins-x.io http://chartmuseum.jenkins-x.io
WARNING: No secrets found on "helm/repos" due: reading the secret "helm/repos" from vault: no secret "helm/repos" not found in vault
Read credentials for http://chartmuseum.jenkins-x.io from vault helm/repos
Successfully added Helm repository chartmuseum.jenkins-x.io.
